[1.135s] Invoking command in '/home/amitesh/GSoC_ros2_ws/build/intro_package': PYTHONPATH=/home/amitesh/GSoC_ros2_ws/build/intro_package/prefix_override:/home/amitesh/GSoC_ros2_ws/install/intro_package/lib/python3.10/site-packages:${PYTHONPATH} /usr/bin/python3 -W ignore:setup.py install is deprecated setup.py develop --editable --build-directory /home/amitesh/GSoC_ros2_ws/build/intro_package/build --no-deps symlink_data
[1.483s] running develop
[1.493s] /usr/lib/python3/dist-packages/setuptools/command/easy_install.py:158: EasyInstallDeprecationWarning: easy_install command is deprecated. Use build and pip and other standards-based tools.
[1.493s]   warnings.warn(
[1.792s] running egg_info
[1.792s] writing intro_package.egg-info/PKG-INFO
[1.792s] writing dependency_links to intro_package.egg-info/dependency_links.txt
[1.792s] writing entry points to intro_package.egg-info/entry_points.txt
[1.793s] writing requirements to intro_package.egg-info/requires.txt
[1.793s] writing top-level names to intro_package.egg-info/top_level.txt
[1.795s] reading manifest file 'intro_package.egg-info/SOURCES.txt'
[1.801s] writing manifest file 'intro_package.egg-info/SOURCES.txt'
[1.803s] running build_ext
[1.803s] Creating /home/amitesh/GSoC_ros2_ws/install/intro_package/lib/python3.10/site-packages/intro-package.egg-link (link to .)
[1.804s] Installing publisher_gsoc script to /home/amitesh/GSoC_ros2_ws/install/intro_package/lib/intro_package
[1.804s] Installing subscriber_gsoc script to /home/amitesh/GSoC_ros2_ws/install/intro_package/lib/intro_package
[1.804s] 
[1.805s] Installed /home/amitesh/GSoC_ros2_ws/build/intro_package
[1.805s] running symlink_data
[1.834s] Invoked command in '/home/amitesh/GSoC_ros2_ws/build/intro_package' returned '0': PYTHONPATH=/home/amitesh/GSoC_ros2_ws/build/intro_package/prefix_override:/home/amitesh/GSoC_ros2_ws/install/intro_package/lib/python3.10/site-packages:${PYTHONPATH} /usr/bin/python3 -W ignore:setup.py install is deprecated setup.py develop --editable --build-directory /home/amitesh/GSoC_ros2_ws/build/intro_package/build --no-deps symlink_data
