[0.886s] Invoking command in '/home/amitesh/GSoC_ros2_ws/build/intro_package': PYTHONPATH=/home/amitesh/GSoC_ros2_ws/build/intro_package/prefix_override:/home/amitesh/GSoC_ros2_ws/install/intro_package/lib/python3.10/site-packages:${PYTHONPATH} /usr/bin/python3 -W ignore:setup.py install is deprecated setup.py develop --editable --build-directory /home/amitesh/GSoC_ros2_ws/build/intro_package/build --no-deps symlink_data --force
[1.179s] running develop
[1.190s] /usr/lib/python3/dist-packages/setuptools/command/easy_install.py:158: EasyInstallDeprecationWarning: easy_install command is deprecated. Use build and pip and other standards-based tools.
[1.191s]   warnings.warn(
[1.359s] running egg_info
[1.360s] writing intro_package.egg-info/PKG-INFO
[1.360s] writing dependency_links to intro_package.egg-info/dependency_links.txt
[1.360s] writing entry points to intro_package.egg-info/entry_points.txt
[1.360s] writing requirements to intro_package.egg-info/requires.txt
[1.360s] writing top-level names to intro_package.egg-info/top_level.txt
[1.362s] reading manifest file 'intro_package.egg-info/SOURCES.txt'
[1.371s] writing manifest file 'intro_package.egg-info/SOURCES.txt'
[1.382s] running build_ext
[1.382s] Creating /home/amitesh/GSoC_ros2_ws/install/intro_package/lib/python3.10/site-packages/intro-package.egg-link (link to .)
[1.383s] Installing publisher_gsoc script to /home/amitesh/GSoC_ros2_ws/install/intro_package/lib/intro_package
[1.383s] 
[1.383s] Installed /home/amitesh/GSoC_ros2_ws/build/intro_package
[1.383s] running symlink_data
[1.384s] symbolically linking /home/amitesh/GSoC_ros2_ws/build/intro_package/resource/intro_package -> /home/amitesh/GSoC_ros2_ws/install/intro_package/share/ament_index/resource_index/packages
[1.384s] symbolically linking /home/amitesh/GSoC_ros2_ws/build/intro_package/package.xml -> /home/amitesh/GSoC_ros2_ws/install/intro_package/share/intro_package
[1.408s] Invoked command in '/home/amitesh/GSoC_ros2_ws/build/intro_package' returned '0': PYTHONPATH=/home/amitesh/GSoC_ros2_ws/build/intro_package/prefix_override:/home/amitesh/GSoC_ros2_ws/install/intro_package/lib/python3.10/site-packages:${PYTHONPATH} /usr/bin/python3 -W ignore:setup.py install is deprecated setup.py develop --editable --build-directory /home/amitesh/GSoC_ros2_ws/build/intro_package/build --no-deps symlink_data --force
