[1.449s] DEBUG:colcon:Command line arguments: ['/usr/bin/colcon', 'list', '-p', '--base-paths', '/home/amitesh/GSoC_ros2_ws']
[1.451s] DEBUG:colcon:Parsed command line arguments: Namespace(log_base=None, log_level=None, verb_name='list', build_base='build', ignore_user_meta=False, metas=['./colcon.meta'], base_paths=['/home/amitesh/GSoC_ros2_ws'], packages_ignore=None, packages_ignore_regex=None, paths=None, packages_up_to=None, packages_up_to_regex=None, packages_above=None, packages_above_and_dependencies=None, packages_above_depth=None, packages_select_by_dep=None, packages_skip_by_dep=None, packages_skip_up_to=None, packages_select_build_failed=False, packages_skip_build_finished=False, packages_select_test_failures=False, packages_skip_test_passed=False, packages_select=None, packages_skip=None, packages_select_regex=None, packages_skip_regex=None, packages_start=None, packages_end=None, allow_overriding=[], topological_order=False, names_only=False, paths_only=True, topological_graph=False, topological_graph_dot=False, topological_graph_density=False, topological_graph_legend=False, topological_graph_dot_cluster=False, topological_graph_dot_include_skipped=False, verb_parser=<colcon_defaults.argument_parser.defaults.DefaultArgumentsDecorator object at 0x7be551b228f0>, verb_extension=<colcon_package_information.verb.list.ListVerb object at 0x7be551b219f0>, main=<bound method ListVerb.main of <colcon_package_information.verb.list.ListVerb object at 0x7be551b219f0>>)
[5.628s] Level 1:colcon.colcon_core.package_discovery:discover_packages(colcon_meta) check parameters
[5.633s] Level 1:colcon.colcon_core.package_discovery:discover_packages(recursive) check parameters
[5.633s] Level 1:colcon.colcon_core.package_discovery:discover_packages(ignore) check parameters
[5.633s] Level 1:colcon.colcon_core.package_discovery:discover_packages(path) check parameters
[5.633s] Level 1:colcon.colcon_core.package_discovery:discover_packages(recursive) discover
[5.633s] INFO:colcon.colcon_core.package_discovery:Crawling recursively for packages in '/home/amitesh/GSoC_ros2_ws'
[5.633s] Level 1:colcon.colcon_core.package_identification:_identify(/home/amitesh/GSoC_ros2_ws) by extensions ['ignore', 'ignore_ament_install']
[5.633s] Level 1:colcon.colcon_core.package_identification:_identify(/home/amitesh/GSoC_ros2_ws) by extension 'ignore'
[5.634s] Level 1:colcon.colcon_core.package_identification:_identify(/home/amitesh/GSoC_ros2_ws) by extension 'ignore_ament_install'
[5.634s] Level 1:colcon.colcon_core.package_identification:_identify(/home/amitesh/GSoC_ros2_ws) by extensions ['colcon_pkg']
[5.634s] Level 1:colcon.colcon_core.package_identification:_identify(/home/amitesh/GSoC_ros2_ws) by extension 'colcon_pkg'
[5.634s] Level 1:colcon.colcon_core.package_identification:_identify(/home/amitesh/GSoC_ros2_ws) by extensions ['colcon_meta']
[5.634s] Level 1:colcon.colcon_core.package_identification:_identify(/home/amitesh/GSoC_ros2_ws) by extension 'colcon_meta'
[5.634s] Level 1:colcon.colcon_core.package_identification:_identify(/home/amitesh/GSoC_ros2_ws) by extensions ['ros']
[5.634s] Level 1:colcon.colcon_core.package_identification:_identify(/home/amitesh/GSoC_ros2_ws) by extension 'ros'
[5.683s] Level 1:colcon.colcon_core.package_identification:_identify(/home/amitesh/GSoC_ros2_ws) by extensions ['cmake', 'python']
[5.683s] Level 1:colcon.colcon_core.package_identification:_identify(/home/amitesh/GSoC_ros2_ws) by extension 'cmake'
[5.683s] Level 1:colcon.colcon_core.package_identification:_identify(/home/amitesh/GSoC_ros2_ws) by extension 'python'
[5.683s] Level 1:colcon.colcon_core.package_identification:_identify(/home/amitesh/GSoC_ros2_ws) by extensions ['python_setup_py']
[5.683s] Level 1:colcon.colcon_core.package_identification:_identify(/home/amitesh/GSoC_ros2_ws) by extension 'python_setup_py'
[5.684s] Level 1:colcon.colcon_core.package_identification:_identify(/home/amitesh/GSoC_ros2_ws/build) by extensions ['ignore', 'ignore_ament_install']
[5.685s] Level 1:colcon.colcon_core.package_identification:_identify(/home/amitesh/GSoC_ros2_ws/build) by extension 'ignore'
[5.685s] Level 1:colcon.colcon_core.package_identification:_identify(/home/amitesh/GSoC_ros2_ws/build) ignored
[5.686s] Level 1:colcon.colcon_core.package_identification:_identify(/home/amitesh/GSoC_ros2_ws/install) by extensions ['ignore', 'ignore_ament_install']
[5.686s] Level 1:colcon.colcon_core.package_identification:_identify(/home/amitesh/GSoC_ros2_ws/install) by extension 'ignore'
[5.686s] Level 1:colcon.colcon_core.package_identification:_identify(/home/amitesh/GSoC_ros2_ws/install) ignored
[5.686s] Level 1:colcon.colcon_core.package_identification:_identify(/home/amitesh/GSoC_ros2_ws/log) by extensions ['ignore', 'ignore_ament_install']
[5.686s] Level 1:colcon.colcon_core.package_identification:_identify(/home/amitesh/GSoC_ros2_ws/log) by extension 'ignore'
[5.687s] Level 1:colcon.colcon_core.package_identification:_identify(/home/amitesh/GSoC_ros2_ws/log) ignored
[5.687s] Level 1:colcon.colcon_core.package_identification:_identify(/home/amitesh/GSoC_ros2_ws/src) by extensions ['ignore', 'ignore_ament_install']
[5.688s] Level 1:colcon.colcon_core.package_identification:_identify(/home/amitesh/GSoC_ros2_ws/src) by extension 'ignore'
[5.688s] Level 1:colcon.colcon_core.package_identification:_identify(/home/amitesh/GSoC_ros2_ws/src) by extension 'ignore_ament_install'
[5.688s] Level 1:colcon.colcon_core.package_identification:_identify(/home/amitesh/GSoC_ros2_ws/src) by extensions ['colcon_pkg']
[5.688s] Level 1:colcon.colcon_core.package_identification:_identify(/home/amitesh/GSoC_ros2_ws/src) by extension 'colcon_pkg'
[5.688s] Level 1:colcon.colcon_core.package_identification:_identify(/home/amitesh/GSoC_ros2_ws/src) by extensions ['colcon_meta']
[5.688s] Level 1:colcon.colcon_core.package_identification:_identify(/home/amitesh/GSoC_ros2_ws/src) by extension 'colcon_meta'
[5.688s] Level 1:colcon.colcon_core.package_identification:_identify(/home/amitesh/GSoC_ros2_ws/src) by extensions ['ros']
[5.688s] Level 1:colcon.colcon_core.package_identification:_identify(/home/amitesh/GSoC_ros2_ws/src) by extension 'ros'
[5.688s] Level 1:colcon.colcon_core.package_identification:_identify(/home/amitesh/GSoC_ros2_ws/src) by extensions ['cmake', 'python']
[5.688s] Level 1:colcon.colcon_core.package_identification:_identify(/home/amitesh/GSoC_ros2_ws/src) by extension 'cmake'
[5.689s] Level 1:colcon.colcon_core.package_identification:_identify(/home/amitesh/GSoC_ros2_ws/src) by extension 'python'
[5.689s] Level 1:colcon.colcon_core.package_identification:_identify(/home/amitesh/GSoC_ros2_ws/src) by extensions ['python_setup_py']
[5.689s] Level 1:colcon.colcon_core.package_identification:_identify(/home/amitesh/GSoC_ros2_ws/src) by extension 'python_setup_py'
[5.689s] Level 1:colcon.colcon_core.package_identification:_identify(/home/amitesh/GSoC_ros2_ws/src/intro_package) by extensions ['ignore', 'ignore_ament_install']
[5.689s] Level 1:colcon.colcon_core.package_identification:_identify(/home/amitesh/GSoC_ros2_ws/src/intro_package) by extension 'ignore'
[5.689s] Level 1:colcon.colcon_core.package_identification:_identify(/home/amitesh/GSoC_ros2_ws/src/intro_package) by extension 'ignore_ament_install'
[5.690s] Level 1:colcon.colcon_core.package_identification:_identify(/home/amitesh/GSoC_ros2_ws/src/intro_package) by extensions ['colcon_pkg']
[5.690s] Level 1:colcon.colcon_core.package_identification:_identify(/home/amitesh/GSoC_ros2_ws/src/intro_package) by extension 'colcon_pkg'
[5.690s] Level 1:colcon.colcon_core.package_identification:_identify(/home/amitesh/GSoC_ros2_ws/src/intro_package) by extensions ['colcon_meta']
[5.690s] Level 1:colcon.colcon_core.package_identification:_identify(/home/amitesh/GSoC_ros2_ws/src/intro_package) by extension 'colcon_meta'
[5.690s] Level 1:colcon.colcon_core.package_identification:_identify(/home/amitesh/GSoC_ros2_ws/src/intro_package) by extensions ['ros']
[5.690s] Level 1:colcon.colcon_core.package_identification:_identify(/home/amitesh/GSoC_ros2_ws/src/intro_package) by extension 'ros'
[5.725s] DEBUG:colcon.colcon_core.package_identification:Package '/home/amitesh/GSoC_ros2_ws/src/intro_package' with type 'ros.ament_python' and name 'intro_package'
[5.726s] Level 1:colcon.colcon_core.package_discovery:discover_packages(recursive) using defaults
