running egg_info
creating ../../build/intro_package/intro_package.egg-info
writing ../../build/intro_package/intro_package.egg-info/PKG-INFO
writing dependency_links to ../../build/intro_package/intro_package.egg-info/dependency_links.txt
writing entry points to ../../build/intro_package/intro_package.egg-info/entry_points.txt
writing requirements to ../../build/intro_package/intro_package.egg-info/requires.txt
writing top-level names to ../../build/intro_package/intro_package.egg-info/top_level.txt
writing manifest file '../../build/intro_package/intro_package.egg-info/SOURCES.txt'
reading manifest file '../../build/intro_package/intro_package.egg-info/SOURCES.txt'
writing manifest file '../../build/intro_package/intro_package.egg-info/SOURCES.txt'
running build
running build_py
creating /home/amitesh/GSoC_ros2_ws/build/intro_package/build
creating /home/amitesh/GSoC_ros2_ws/build/intro_package/build/lib
creating /home/amitesh/GSoC_ros2_ws/build/intro_package/build/lib/intro_package
copying intro_package/__init__.py -> /home/amitesh/GSoC_ros2_ws/build/intro_package/build/lib/intro_package
running install
running install_lib
creating /home/amitesh/GSoC_ros2_ws/install/intro_package/lib/python3.10/site-packages/intro_package
copying /home/amitesh/GSoC_ros2_ws/build/intro_package/build/lib/intro_package/__init__.py -> /home/amitesh/GSoC_ros2_ws/install/intro_package/lib/python3.10/site-packages/intro_package
byte-compiling /home/amitesh/GSoC_ros2_ws/install/intro_package/lib/python3.10/site-packages/intro_package/__init__.py to __init__.cpython-310.pyc
running install_data
creating /home/amitesh/GSoC_ros2_ws/install/intro_package/share/ament_index
creating /home/amitesh/GSoC_ros2_ws/install/intro_package/share/ament_index/resource_index
creating /home/amitesh/GSoC_ros2_ws/install/intro_package/share/ament_index/resource_index/packages
copying resource/intro_package -> /home/amitesh/GSoC_ros2_ws/install/intro_package/share/ament_index/resource_index/packages
copying package.xml -> /home/amitesh/GSoC_ros2_ws/install/intro_package/share/intro_package
running install_egg_info
Copying ../../build/intro_package/intro_package.egg-info to /home/amitesh/GSoC_ros2_ws/install/intro_package/lib/python3.10/site-packages/intro_package-0.0.0-py3.10.egg-info
running install_scripts
writing list of installed files to '/home/amitesh/GSoC_ros2_ws/build/intro_package/install.log'
