[0.684s] Invoking command in '/home/amitesh/GSoC_ros2_ws/src/intro_package': PYTHONPATH=/home/amitesh/GSoC_ros2_ws/build/intro_package/prefix_override:/home/amitesh/GSoC_ros2_ws/install/intro_package/lib/python3.10/site-packages:${PYTHONPATH} /usr/bin/python3 -W ignore:setup.py install is deprecated setup.py egg_info --egg-base ../../build/intro_package build --build-base /home/amitesh/GSoC_ros2_ws/build/intro_package/build install --record /home/amitesh/GSoC_ros2_ws/build/intro_package/install.log --single-version-externally-managed install_data
[0.912s] running egg_info
[0.912s] creating ../../build/intro_package/intro_package.egg-info
[0.912s] writing ../../build/intro_package/intro_package.egg-info/PKG-INFO
[0.913s] writing dependency_links to ../../build/intro_package/intro_package.egg-info/dependency_links.txt
[0.913s] writing entry points to ../../build/intro_package/intro_package.egg-info/entry_points.txt
[0.913s] writing requirements to ../../build/intro_package/intro_package.egg-info/requires.txt
[0.913s] writing top-level names to ../../build/intro_package/intro_package.egg-info/top_level.txt
[0.913s] writing manifest file '../../build/intro_package/intro_package.egg-info/SOURCES.txt'
[0.915s] reading manifest file '../../build/intro_package/intro_package.egg-info/SOURCES.txt'
[0.916s] writing manifest file '../../build/intro_package/intro_package.egg-info/SOURCES.txt'
[0.916s] running build
[0.916s] running build_py
[0.916s] creating /home/amitesh/GSoC_ros2_ws/build/intro_package/build
[0.916s] creating /home/amitesh/GSoC_ros2_ws/build/intro_package/build/lib
[0.916s] creating /home/amitesh/GSoC_ros2_ws/build/intro_package/build/lib/intro_package
[0.916s] copying intro_package/__init__.py -> /home/amitesh/GSoC_ros2_ws/build/intro_package/build/lib/intro_package
[0.916s] running install
[0.917s] running install_lib
[0.917s] creating /home/amitesh/GSoC_ros2_ws/install/intro_package/lib/python3.10/site-packages/intro_package
[0.917s] copying /home/amitesh/GSoC_ros2_ws/build/intro_package/build/lib/intro_package/__init__.py -> /home/amitesh/GSoC_ros2_ws/install/intro_package/lib/python3.10/site-packages/intro_package
[0.918s] byte-compiling /home/amitesh/GSoC_ros2_ws/install/intro_package/lib/python3.10/site-packages/intro_package/__init__.py to __init__.cpython-310.pyc
[0.918s] running install_data
[0.918s] creating /home/amitesh/GSoC_ros2_ws/install/intro_package/share/ament_index
[0.918s] creating /home/amitesh/GSoC_ros2_ws/install/intro_package/share/ament_index/resource_index
[0.918s] creating /home/amitesh/GSoC_ros2_ws/install/intro_package/share/ament_index/resource_index/packages
[0.919s] copying resource/intro_package -> /home/amitesh/GSoC_ros2_ws/install/intro_package/share/ament_index/resource_index/packages
[0.919s] copying package.xml -> /home/amitesh/GSoC_ros2_ws/install/intro_package/share/intro_package
[0.919s] running install_egg_info
[0.921s] Copying ../../build/intro_package/intro_package.egg-info to /home/amitesh/GSoC_ros2_ws/install/intro_package/lib/python3.10/site-packages/intro_package-0.0.0-py3.10.egg-info
[0.922s] running install_scripts
[0.941s] writing list of installed files to '/home/amitesh/GSoC_ros2_ws/build/intro_package/install.log'
[0.964s] Invoked command in '/home/amitesh/GSoC_ros2_ws/src/intro_package' returned '0': PYTHONPATH=/home/amitesh/GSoC_ros2_ws/build/intro_package/prefix_override:/home/amitesh/GSoC_ros2_ws/install/intro_package/lib/python3.10/site-packages:${PYTHONPATH} /usr/bin/python3 -W ignore:setup.py install is deprecated setup.py egg_info --egg-base ../../build/intro_package build --build-base /home/amitesh/GSoC_ros2_ws/build/intro_package/build install --record /home/amitesh/GSoC_ros2_ws/build/intro_package/install.log --single-version-externally-managed install_data
