[0.248s] DEBUG:colcon:Command line arguments: ['/usr/bin/colcon', 'build', '--symlink-install']
[0.248s] DEBUG:colcon:Parsed command line arguments: Namespace(log_base=None, log_level=None, verb_name='build', build_base='build', install_base='install', merge_install=False, symlink_install=True, test_result_base=None, continue_on_error=False, executor='parallel', parallel_workers=8, event_handlers=None, ignore_user_meta=False, metas=['./colcon.meta'], base_paths=['.'], packages_ignore=None, packages_ignore_regex=None, paths=None, packages_up_to=None, packages_up_to_regex=None, packages_above=None, packages_above_and_dependencies=None, packages_above_depth=None, packages_select_by_dep=None, packages_skip_by_dep=None, packages_skip_up_to=None, packages_select_build_failed=False, packages_skip_build_finished=False, packages_select_test_failures=False, packages_skip_test_passed=False, packages_select=None, packages_skip=None, packages_select_regex=None, packages_skip_regex=None, packages_start=None, packages_end=None, allow_overriding=[], cmake_args=None, cmake_target=None, cmake_target_skip_unavailable=False, cmake_clean_cache=False, cmake_clean_first=False, cmake_force_configure=False, ament_cmake_args=None, catkin_cmake_args=None, catkin_skip_building_tests=False, verb_parser=<colcon_defaults.argument_parser.defaults.DefaultArgumentsDecorator object at 0x7277f9e4da50>, verb_extension=<colcon_core.verb.build.BuildVerb object at 0x7277fa5ab040>, main=<bound method BuildVerb.main of <colcon_core.verb.build.BuildVerb object at 0x7277fa5ab040>>)
[0.902s] Level 1:colcon.colcon_core.package_discovery:discover_packages(colcon_meta) check parameters
[0.902s] Level 1:colcon.colcon_core.package_discovery:discover_packages(recursive) check parameters
[0.903s] Level 1:colcon.colcon_core.package_discovery:discover_packages(ignore) check parameters
[0.903s] Level 1:colcon.colcon_core.package_discovery:discover_packages(path) check parameters
[0.903s] Level 1:colcon.colcon_core.package_discovery:discover_packages(colcon_meta) discover
[0.903s] Level 1:colcon.colcon_core.package_discovery:discover_packages(recursive) discover
[0.903s] INFO:colcon.colcon_core.package_discovery:Crawling recursively for packages in '/home/amitesh/GSoC_ros2_ws'
[0.903s] Level 1:colcon.colcon_core.package_identification:_identify(.) by extensions ['ignore', 'ignore_ament_install']
[0.903s] Level 1:colcon.colcon_core.package_identification:_identify(.) by extension 'ignore'
[0.903s] Level 1:colcon.colcon_core.package_identification:_identify(.) by extension 'ignore_ament_install'
[0.903s] Level 1:colcon.colcon_core.package_identification:_identify(.) by extensions ['colcon_pkg']
[0.903s] Level 1:colcon.colcon_core.package_identification:_identify(.) by extension 'colcon_pkg'
[0.903s] Level 1:colcon.colcon_core.package_identification:_identify(.) by extensions ['colcon_meta']
[0.903s] Level 1:colcon.colcon_core.package_identification:_identify(.) by extension 'colcon_meta'
[0.903s] Level 1:colcon.colcon_core.package_identification:_identify(.) by extensions ['ros']
[0.904s] Level 1:colcon.colcon_core.package_identification:_identify(.) by extension 'ros'
[0.919s] Level 1:colcon.colcon_core.package_identification:_identify(.) by extensions ['cmake', 'python']
[0.919s] Level 1:colcon.colcon_core.package_identification:_identify(.) by extension 'cmake'
[0.919s] Level 1:colcon.colcon_core.package_identification:_identify(.) by extension 'python'
[0.919s] Level 1:colcon.colcon_core.package_identification:_identify(.) by extensions ['python_setup_py']
[0.919s] Level 1:colcon.colcon_core.package_identification:_identify(.) by extension 'python_setup_py'
[0.919s] Level 1:colcon.colcon_core.package_identification:_identify(build) by extensions ['ignore', 'ignore_ament_install']
[0.919s] Level 1:colcon.colcon_core.package_identification:_identify(build) by extension 'ignore'
[0.919s] Level 1:colcon.colcon_core.package_identification:_identify(build) ignored
[0.919s] Level 1:colcon.colcon_core.package_identification:_identify(install) by extensions ['ignore', 'ignore_ament_install']
[0.920s] Level 1:colcon.colcon_core.package_identification:_identify(install) by extension 'ignore'
[0.920s] Level 1:colcon.colcon_core.package_identification:_identify(install) ignored
[0.920s] Level 1:colcon.colcon_core.package_identification:_identify(log) by extensions ['ignore', 'ignore_ament_install']
[0.920s] Level 1:colcon.colcon_core.package_identification:_identify(log) by extension 'ignore'
[0.920s] Level 1:colcon.colcon_core.package_identification:_identify(log) ignored
[0.920s] Level 1:colcon.colcon_core.package_identification:_identify(src) by extensions ['ignore', 'ignore_ament_install']
[0.920s] Level 1:colcon.colcon_core.package_identification:_identify(src) by extension 'ignore'
[0.920s] Level 1:colcon.colcon_core.package_identification:_identify(src) by extension 'ignore_ament_install'
[0.920s] Level 1:colcon.colcon_core.package_identification:_identify(src) by extensions ['colcon_pkg']
[0.920s] Level 1:colcon.colcon_core.package_identification:_identify(src) by extension 'colcon_pkg'
[0.920s] Level 1:colcon.colcon_core.package_identification:_identify(src) by extensions ['colcon_meta']
[0.920s] Level 1:colcon.colcon_core.package_identification:_identify(src) by extension 'colcon_meta'
[0.920s] Level 1:colcon.colcon_core.package_identification:_identify(src) by extensions ['ros']
[0.920s] Level 1:colcon.colcon_core.package_identification:_identify(src) by extension 'ros'
[0.921s] Level 1:colcon.colcon_core.package_identification:_identify(src) by extensions ['cmake', 'python']
[0.921s] Level 1:colcon.colcon_core.package_identification:_identify(src) by extension 'cmake'
[0.921s] Level 1:colcon.colcon_core.package_identification:_identify(src) by extension 'python'
[0.921s] Level 1:colcon.colcon_core.package_identification:_identify(src) by extensions ['python_setup_py']
[0.921s] Level 1:colcon.colcon_core.package_identification:_identify(src) by extension 'python_setup_py'
[0.921s] Level 1:colcon.colcon_core.package_identification:_identify(src/intro_package) by extensions ['ignore', 'ignore_ament_install']
[0.921s] Level 1:colcon.colcon_core.package_identification:_identify(src/intro_package) by extension 'ignore'
[0.921s] Level 1:colcon.colcon_core.package_identification:_identify(src/intro_package) by extension 'ignore_ament_install'
[0.921s] Level 1:colcon.colcon_core.package_identification:_identify(src/intro_package) by extensions ['colcon_pkg']
[0.921s] Level 1:colcon.colcon_core.package_identification:_identify(src/intro_package) by extension 'colcon_pkg'
[0.921s] Level 1:colcon.colcon_core.package_identification:_identify(src/intro_package) by extensions ['colcon_meta']
[0.921s] Level 1:colcon.colcon_core.package_identification:_identify(src/intro_package) by extension 'colcon_meta'
[0.921s] Level 1:colcon.colcon_core.package_identification:_identify(src/intro_package) by extensions ['ros']
[0.921s] Level 1:colcon.colcon_core.package_identification:_identify(src/intro_package) by extension 'ros'
[0.924s] DEBUG:colcon.colcon_core.package_identification:Package 'src/intro_package' with type 'ros.ament_python' and name 'intro_package'
[0.924s] Level 1:colcon.colcon_core.package_discovery:discover_packages(recursive) using defaults
[0.924s] Level 1:colcon.colcon_core.package_discovery:discover_packages(ignore) discover
[0.925s] Level 1:colcon.colcon_core.package_discovery:discover_packages(ignore) using defaults
[0.925s] Level 1:colcon.colcon_core.package_discovery:discover_packages(path) discover
[0.925s] Level 1:colcon.colcon_core.package_discovery:discover_packages(path) using defaults
[0.969s] Level 1:colcon.colcon_core.package_discovery:discover_packages(prefix_path) check parameters
[0.969s] Level 1:colcon.colcon_core.package_discovery:discover_packages(prefix_path) discover
[1.102s] DEBUG:colcon.colcon_installed_package_information.package_discovery:Found 39 installed packages in /home/amitesh/navigation_ws/install
[1.104s] DEBUG:colcon.colcon_installed_package_information.package_discovery:Found 1 installed packages in /home/amitesh/GSoC_ros2_ws/install
[1.106s] DEBUG:colcon.colcon_installed_package_information.package_discovery:Found 385 installed packages in /opt/ros/humble
[1.109s] Level 1:colcon.colcon_core.package_discovery:discover_packages(prefix_path) using defaults
[2.091s] Level 5:colcon.colcon_core.verb:set package 'intro_package' build argument 'cmake_args' from command line to 'None'
[2.091s] Level 5:colcon.colcon_core.verb:set package 'intro_package' build argument 'cmake_target' from command line to 'None'
[2.091s] Level 5:colcon.colcon_core.verb:set package 'intro_package' build argument 'cmake_target_skip_unavailable' from command line to 'False'
[2.091s] Level 5:colcon.colcon_core.verb:set package 'intro_package' build argument 'cmake_clean_cache' from command line to 'False'
[2.091s] Level 5:colcon.colcon_core.verb:set package 'intro_package' build argument 'cmake_clean_first' from command line to 'False'
[2.091s] Level 5:colcon.colcon_core.verb:set package 'intro_package' build argument 'cmake_force_configure' from command line to 'False'
[2.091s] Level 5:colcon.colcon_core.verb:set package 'intro_package' build argument 'ament_cmake_args' from command line to 'None'
[2.091s] Level 5:colcon.colcon_core.verb:set package 'intro_package' build argument 'catkin_cmake_args' from command line to 'None'
[2.091s] Level 5:colcon.colcon_core.verb:set package 'intro_package' build argument 'catkin_skip_building_tests' from command line to 'False'
[2.091s] DEBUG:colcon.colcon_core.verb:Building package 'intro_package' with the following arguments: {'ament_cmake_args': None, 'build_base': '/home/amitesh/GSoC_ros2_ws/build/intro_package', 'catkin_cmake_args': None, 'catkin_skip_building_tests': False, 'cmake_args': None, 'cmake_clean_cache': False, 'cmake_clean_first': False, 'cmake_force_configure': False, 'cmake_target': None, 'cmake_target_skip_unavailable': False, 'install_base': '/home/amitesh/GSoC_ros2_ws/install/intro_package', 'merge_install': False, 'path': '/home/amitesh/GSoC_ros2_ws/src/intro_package', 'symlink_install': True, 'test_result_base': None}
[2.091s] INFO:colcon.colcon_core.executor:Executing jobs using 'parallel' executor
[2.092s] DEBUG:colcon.colcon_parallel_executor.executor.parallel:run_until_complete
[2.093s] INFO:colcon.colcon_ros.task.ament_python.build:Building ROS package in '/home/amitesh/GSoC_ros2_ws/src/intro_package' with build type 'ament_python'
[2.093s] Level 1:colcon.colcon_core.shell:create_environment_hook('intro_package', 'ament_prefix_path')
[2.098s] INFO:colcon.colcon_core.plugin_system:Skipping extension 'colcon_core.shell.bat': Not used on non-Windows systems
[2.098s] INFO:colcon.colcon_core.shell:Creating environment hook '/home/amitesh/GSoC_ros2_ws/install/intro_package/share/intro_package/hook/ament_prefix_path.ps1'
[2.108s] INFO:colcon.colcon_core.shell:Creating environment descriptor '/home/amitesh/GSoC_ros2_ws/install/intro_package/share/intro_package/hook/ament_prefix_path.dsv'
[2.109s] INFO:colcon.colcon_core.shell:Creating environment hook '/home/amitesh/GSoC_ros2_ws/install/intro_package/share/intro_package/hook/ament_prefix_path.sh'
[2.110s] INFO:colcon.colcon_core.shell:Skip shell extension 'powershell' for command environment: Not usable outside of PowerShell
[2.110s] DEBUG:colcon.colcon_core.shell:Skip shell extension 'dsv' for command environment
[2.436s] INFO:colcon.colcon_core.task.python.build:Building Python package in '/home/amitesh/GSoC_ros2_ws/src/intro_package'
[2.436s] INFO:colcon.colcon_core.shell:Skip shell extension 'powershell' for command environment: Not usable outside of PowerShell
[2.436s] DEBUG:colcon.colcon_core.shell:Skip shell extension 'dsv' for command environment
[3.228s] DEBUG:colcon.colcon_core.event_handler.log_command:Invoking command in '/home/amitesh/GSoC_ros2_ws/build/intro_package': PYTHONPATH=/home/amitesh/GSoC_ros2_ws/build/intro_package/prefix_override:/home/amitesh/GSoC_ros2_ws/install/intro_package/lib/python3.10/site-packages:${PYTHONPATH} /usr/bin/python3 -W ignore:setup.py install is deprecated setup.py develop --editable --build-directory /home/amitesh/GSoC_ros2_ws/build/intro_package/build --no-deps symlink_data
[3.926s] Level 1:colcon.colcon_core.shell:create_environment_hook('intro_package', 'pythonpath_develop')
[3.926s] INFO:colcon.colcon_core.shell:Creating environment hook '/home/amitesh/GSoC_ros2_ws/build/intro_package/share/intro_package/hook/pythonpath_develop.ps1'
[3.927s] DEBUG:colcon.colcon_core.event_handler.log_command:Invoked command in '/home/amitesh/GSoC_ros2_ws/build/intro_package' returned '0': PYTHONPATH=/home/amitesh/GSoC_ros2_ws/build/intro_package/prefix_override:/home/amitesh/GSoC_ros2_ws/install/intro_package/lib/python3.10/site-packages:${PYTHONPATH} /usr/bin/python3 -W ignore:setup.py install is deprecated setup.py develop --editable --build-directory /home/amitesh/GSoC_ros2_ws/build/intro_package/build --no-deps symlink_data
[3.928s] INFO:colcon.colcon_core.shell:Creating environment descriptor '/home/amitesh/GSoC_ros2_ws/build/intro_package/share/intro_package/hook/pythonpath_develop.dsv'
[3.928s] INFO:colcon.colcon_core.shell:Creating environment hook '/home/amitesh/GSoC_ros2_ws/build/intro_package/share/intro_package/hook/pythonpath_develop.sh'
[3.944s] Level 1:colcon.colcon_core.environment:checking '/home/amitesh/GSoC_ros2_ws/install/intro_package' for CMake module files
[3.944s] Level 1:colcon.colcon_core.environment:checking '/home/amitesh/GSoC_ros2_ws/install/intro_package' for CMake config files
[3.945s] Level 1:colcon.colcon_core.environment:checking '/home/amitesh/GSoC_ros2_ws/install/intro_package/lib'
[3.945s] Level 1:colcon.colcon_core.environment:checking '/home/amitesh/GSoC_ros2_ws/install/intro_package/bin'
[3.945s] Level 1:colcon.colcon_core.environment:checking '/home/amitesh/GSoC_ros2_ws/install/intro_package/lib/pkgconfig/intro_package.pc'
[3.945s] Level 1:colcon.colcon_core.environment:checking '/home/amitesh/GSoC_ros2_ws/install/intro_package/lib/python3.10/site-packages'
[3.945s] Level 1:colcon.colcon_core.shell:create_environment_hook('intro_package', 'pythonpath')
[3.946s] INFO:colcon.colcon_core.shell:Creating environment hook '/home/amitesh/GSoC_ros2_ws/install/intro_package/share/intro_package/hook/pythonpath.ps1'
[3.946s] INFO:colcon.colcon_core.shell:Creating environment descriptor '/home/amitesh/GSoC_ros2_ws/install/intro_package/share/intro_package/hook/pythonpath.dsv'
[3.946s] INFO:colcon.colcon_core.shell:Creating environment hook '/home/amitesh/GSoC_ros2_ws/install/intro_package/share/intro_package/hook/pythonpath.sh'
[3.947s] Level 1:colcon.colcon_core.environment:checking '/home/amitesh/GSoC_ros2_ws/install/intro_package/bin'
[3.947s] Level 1:colcon.colcon_core.environment:create_environment_scripts_only(intro_package)
[3.947s] INFO:colcon.colcon_core.shell:Creating package script '/home/amitesh/GSoC_ros2_ws/install/intro_package/share/intro_package/package.ps1'
[3.948s] INFO:colcon.colcon_core.shell:Creating package descriptor '/home/amitesh/GSoC_ros2_ws/install/intro_package/share/intro_package/package.dsv'
[3.949s] INFO:colcon.colcon_core.shell:Creating package script '/home/amitesh/GSoC_ros2_ws/install/intro_package/share/intro_package/package.sh'
[3.950s] INFO:colcon.colcon_core.shell:Creating package script '/home/amitesh/GSoC_ros2_ws/install/intro_package/share/intro_package/package.bash'
[3.951s] INFO:colcon.colcon_core.shell:Creating package script '/home/amitesh/GSoC_ros2_ws/install/intro_package/share/intro_package/package.zsh'
[3.951s] Level 1:colcon.colcon_core.environment:create_file_with_runtime_dependencies(/home/amitesh/GSoC_ros2_ws/install/intro_package/share/colcon-core/packages/intro_package)
[3.952s] DEBUG:colcon.colcon_parallel_executor.executor.parallel:closing loop
[3.952s] DEBUG:colcon.colcon_parallel_executor.executor.parallel:loop closed
[3.952s] DEBUG:colcon.colcon_parallel_executor.executor.parallel:run_until_complete finished with '0'
[3.952s] DEBUG:colcon.colcon_core.event_reactor:joining thread
[3.962s] INFO:colcon.colcon_core.plugin_system:Skipping extension 'colcon_notification.desktop_notification.terminal_notifier': Not used on non-Darwin systems
[3.962s] INFO:colcon.colcon_core.plugin_system:Skipping extension 'colcon_notification.desktop_notification.win32': Not used on non-Windows systems
[3.962s] INFO:colcon.colcon_notification.desktop_notification:Sending desktop notification using 'notify2'
[3.975s] DEBUG:colcon.colcon_core.event_reactor:joined thread
[3.976s] INFO:colcon.colcon_core.shell:Creating prefix script '/home/amitesh/GSoC_ros2_ws/install/local_setup.ps1'
[3.977s] INFO:colcon.colcon_core.shell:Creating prefix util module '/home/amitesh/GSoC_ros2_ws/install/_local_setup_util_ps1.py'
[3.978s] INFO:colcon.colcon_core.shell:Creating prefix chain script '/home/amitesh/GSoC_ros2_ws/install/setup.ps1'
[3.981s] INFO:colcon.colcon_core.shell:Creating prefix script '/home/amitesh/GSoC_ros2_ws/install/local_setup.sh'
[3.982s] INFO:colcon.colcon_core.shell:Creating prefix util module '/home/amitesh/GSoC_ros2_ws/install/_local_setup_util_sh.py'
[3.982s] INFO:colcon.colcon_core.shell:Creating prefix chain script '/home/amitesh/GSoC_ros2_ws/install/setup.sh'
[3.985s] INFO:colcon.colcon_core.shell:Creating prefix script '/home/amitesh/GSoC_ros2_ws/install/local_setup.bash'
[3.986s] INFO:colcon.colcon_core.shell:Creating prefix chain script '/home/amitesh/GSoC_ros2_ws/install/setup.bash'
[3.988s] INFO:colcon.colcon_core.shell:Creating prefix script '/home/amitesh/GSoC_ros2_ws/install/local_setup.zsh'
[3.989s] INFO:colcon.colcon_core.shell:Creating prefix chain script '/home/amitesh/GSoC_ros2_ws/install/setup.zsh'
